<?xml version="1.0" encoding="UTF-8"?>
<!-- Generated by org.testng.reporters.JUnitReportReporter -->
<testsuite hostname="Dhananjays-MacBook-Air.local" failures="0" tests="1" name="automation.HackerNewTest" time="0.198" errors="0" timestamp="2023-11-08T13:43:57 IST" skipped="0">
  <testcase classname="automation.HackerNewTest" name="createTaskTest" time="0.198"/>
  <system-out/>
</testsuite> <!-- automation.HackerNewTest -->
